<?xml version="1.0" encoding="UTF-8"?>
<testng-results skipped="0" failed="0" total="1" passed="1">
  <reporter-output>
  </reporter-output>
  <suite name="Default suite" duration-ms="2507" started-at="2021-05-10T09:02:27Z" finished-at="2021-05-10T09:02:30Z">
    <groups>
    </groups>
    <test name="Default test" duration-ms="2507" started-at="2021-05-10T09:02:27Z" finished-at="2021-05-10T09:02:30Z">
      <class name="assignment.TestCase2">
        <test-method status="PASS" signature="multiplyWSDL()[pri:0, instance:assignment.TestCase2@1b604f19]" name="multiplyWSDL" duration-ms="2505" started-at="2021-05-10T14:32:27Z" finished-at="2021-05-10T14:32:30Z">
          <reporter-output>
          </reporter-output>
        </test-method> <!-- multiplyWSDL -->
      </class> <!-- assignment.TestCase2 -->
    </test> <!-- Default test -->
  </suite> <!-- Default suite -->
</testng-results>
